[29.03.23|15:19:40] Folder: "/db" FOUND
[29.03.23|15:19:40] DATABASE: "users.db" FOUND
[29.03.23|15:19:41] TABLE: "Users" FOUND
[29.03.23|15:19:41] DATABASE: "posts.db" FOUND
[29.03.23|15:19:41] TABLE: "Posts" FOUND
[29.03.23|15:19:41] DATABASE: "comments.db" FOUND
[29.03.23|15:19:41] TABLE: "Comments" FOUND
[29.03.23|15:19:46] Folder: "/db" FOUND
[29.03.23|15:19:46] DATABASE: "users.db" FOUND
[29.03.23|15:19:46] TABLE: "Users" FOUND
[29.03.23|15:19:46] DATABASE: "posts.db" FOUND
[29.03.23|15:19:46] TABLE: "Posts" FOUND
[29.03.23|15:19:46] DATABASE: "comments.db" FOUND
[29.03.23|15:19:46] TABLE: "Comments" FOUND
[29.03.23|19:12:30] USER: "Ananya" ADDED TO DATABASE
[29.03.23|19:12:44] 1 POINTS ADDED TO "Ananya"
[29.03.23|19:12:44] USER: "Ananya" LOGGED IN
[29.03.23|19:13:14] USER: "Ananya" LOGGED OUT
[29.03.23|19:13:44] USER: "Karthik" ADDED TO DATABASE
[29.03.23|19:13:54] 1 POINTS ADDED TO "Karthik"
[29.03.23|19:13:54] USER: "Karthik" LOGGED IN
[29.03.23|19:14:18] USER: "karthik" FOUND
[29.03.23|19:14:18] USER: "karthik"s PAGE LOADED
[29.03.23|19:14:59] USER: "ananya" FOUND
[29.03.23|19:14:59] USER: "ananya"s PAGE LOADED
[30.03.23|03:31:56] USER: "Karthik" LOGGED OUT
[30.03.23|03:32:12] 1 POINTS ADDED TO "Ananya"
[30.03.23|03:32:12] USER: "Ananya" LOGGED IN
[30.03.23|03:34:40] Folder: "/db" FOUND
[30.03.23|03:34:40] DATABASE: "users.db" FOUND
[30.03.23|03:34:40] TABLE: "Users" FOUND
[30.03.23|03:34:40] DATABASE: "posts.db" FOUND
[30.03.23|03:34:40] TABLE: "Posts" FOUND
[30.03.23|03:34:40] DATABASE: "comments.db" FOUND
[30.03.23|03:34:40] TABLE: "Comments" FOUND
[30.03.23|03:34:45] Folder: "/db" FOUND
[30.03.23|03:34:45] DATABASE: "users.db" FOUND
[30.03.23|03:34:45] TABLE: "Users" FOUND
[30.03.23|03:34:45] DATABASE: "posts.db" FOUND
[30.03.23|03:34:45] TABLE: "Posts" FOUND
[30.03.23|03:34:45] DATABASE: "comments.db" FOUND
[30.03.23|03:34:45] TABLE: "Comments" FOUND
[30.03.23|04:18:39] 1 POINTS ADDED TO "Ananya"
[30.03.23|04:18:39] USER: "Ananya" LOGGED IN
[30.03.23|04:18:53] POST: "4" FOUND
[30.03.23|04:21:06] Folder: "/db" FOUND
[30.03.23|04:21:06] DATABASE: "users.db" FOUND
[30.03.23|04:21:06] TABLE: "Users" FOUND
[30.03.23|04:21:06] DATABASE: "posts.db" FOUND
[30.03.23|04:21:06] TABLE: "Posts" FOUND
[30.03.23|04:21:06] DATABASE: "comments.db" FOUND
[30.03.23|04:21:06] TABLE: "Comments" FOUND
[30.03.23|04:21:11] Folder: "/db" FOUND
[30.03.23|04:21:11] DATABASE: "users.db" FOUND
[30.03.23|04:21:11] TABLE: "Users" FOUND
[30.03.23|04:21:11] DATABASE: "posts.db" FOUND
[30.03.23|04:21:11] TABLE: "Posts" FOUND
[30.03.23|04:21:11] DATABASE: "comments.db" FOUND
[30.03.23|04:21:11] TABLE: "Comments" FOUND
[30.03.23|04:26:46] Folder: "/db" FOUND
[30.03.23|04:26:46] DATABASE: "users.db" FOUND
[30.03.23|04:26:46] TABLE: "Users" FOUND
[30.03.23|04:26:46] DATABASE: "posts.db" FOUND
[30.03.23|04:26:46] TABLE: "Posts" FOUND
[30.03.23|04:26:46] DATABASE: "comments.db" FOUND
[30.03.23|04:26:46] TABLE: "Comments" FOUND
[30.03.23|04:26:51] Folder: "/db" FOUND
[30.03.23|04:26:51] DATABASE: "users.db" FOUND
[30.03.23|04:26:51] TABLE: "Users" FOUND
[30.03.23|04:26:51] DATABASE: "posts.db" FOUND
[30.03.23|04:26:51] TABLE: "Posts" FOUND
[30.03.23|04:26:51] DATABASE: "comments.db" FOUND
[30.03.23|04:26:51] TABLE: "Comments" FOUND
[30.03.23|04:27:06] POST: "1" FOUND
[30.03.23|04:27:39] POST: "4" FOUND
[30.03.23|04:27:54] 1 POINTS ADDED TO "Ananya"
[30.03.23|04:27:54] USER: "Ananya" LOGGED IN
[30.03.23|04:27:58] POST: "1" FOUND
[30.03.23|04:28:10] POST: "4" FOUND
[30.03.23|04:29:22] POST: "1" FOUND
[30.03.23|04:33:05] POST: "1" FOUND
[30.03.23|04:33:56] USER: "ananya" FOUND
[30.03.23|04:33:56] USER: "ananya"s PAGE LOADED
[30.03.23|04:46:34] POST: "1" FOUND
[30.03.23|04:52:10] POST: "1" FOUND
[30.03.23|04:52:14] POST: "1" FOUND
[30.03.23|04:52:46] USER: "ananya" FOUND
[30.03.23|04:52:46] USER: "ananya"s PAGE LOADED
[30.03.23|04:56:39] POST: "post 1" POSTED
[30.03.23|04:56:39] 20 POINTS ADDED TO "Ananya"
[30.03.23|04:56:44] USER: "ananya" FOUND
[30.03.23|04:56:44] USER: "ananya"s PAGE LOADED
[30.03.23|04:56:48] POST: "5" FOUND
[30.03.23|04:56:58] POST: "5" DELETED
[30.03.23|04:57:05] POST: "5" NOT FOUND
[30.03.23|04:57:12] USER: "ananya" FOUND
[30.03.23|04:57:12] USER: "ananya"s PAGE LOADED
[30.03.23|04:57:37] POST: "ufkufv" POSTED
[30.03.23|04:57:37] 20 POINTS ADDED TO "Ananya"
[30.03.23|04:57:51] POST: "5" FOUND
[30.03.23|04:58:00] POST: "5" FOUND
[30.03.23|04:58:05] POST: "5" FOUND
[30.03.23|04:58:05] POST: "ufkufv" EDITED
[30.03.23|04:58:05] POST: "5" FOUND
[30.03.23|04:58:10] POST: "5" DELETED
[30.03.23|04:59:39] 404
[30.03.23|04:59:44] USER: "ananya" FOUND
[30.03.23|04:59:44] USER: "ananya"s PAGE LOADED
[30.03.23|05:00:12] USER: "karthik" FOUND
[30.03.23|05:00:12] USER: "karthik"s PAGE LOADED
[30.03.23|05:01:47] USER: "ananya" FOUND
[30.03.23|05:01:47] USER: "ananya"s PAGE LOADED
[30.03.23|15:13:01] USER: "ananya" FOUND
[30.03.23|15:13:01] USER: "ananya"s PAGE LOADED
[30.03.23|23:06:00] Folder: "/db" FOUND
[30.03.23|23:06:00] DATABASE: "users.db" FOUND
[30.03.23|23:06:00] TABLE: "Users" FOUND
[30.03.23|23:06:00] DATABASE: "posts.db" FOUND
[30.03.23|23:06:00] TABLE: "Posts" FOUND
[30.03.23|23:06:00] DATABASE: "comments.db" FOUND
[30.03.23|23:06:00] TABLE: "Comments" FOUND
[30.03.23|23:06:09] Folder: "/db" FOUND
[30.03.23|23:06:09] DATABASE: "users.db" FOUND
[30.03.23|23:06:09] TABLE: "Users" FOUND
[30.03.23|23:06:09] DATABASE: "posts.db" FOUND
[30.03.23|23:06:09] TABLE: "Posts" FOUND
[30.03.23|23:06:09] DATABASE: "comments.db" FOUND
[30.03.23|23:06:09] TABLE: "Comments" FOUND
[31.03.23|06:54:15] USER NOT LOGGED IN
[31.03.23|06:54:34] 1 POINTS ADDED TO "Ananya"
[31.03.23|06:54:34] USER: "Ananya" LOGGED IN
[31.03.23|06:55:07] POST: "Blog 1" POSTED
[31.03.23|06:55:07] 20 POINTS ADDED TO "Ananya"
[31.03.23|06:55:12] USER: "Ananya" LOGGED OUT
[31.03.23|06:55:21] 1 POINTS ADDED TO "Karthik"
[31.03.23|06:55:21] USER: "Karthik" LOGGED IN
[31.03.23|06:55:55] POST: "Blog 2" POSTED
[31.03.23|06:55:55] 20 POINTS ADDED TO "Karthik"
[31.03.23|06:56:00] USER: "Karthik" LOGGED OUT
[31.03.23|07:01:13] USER: "tester" ADDED TO DATABASE
[31.03.23|07:01:28] 1 POINTS ADDED TO "tester"
[31.03.23|07:01:28] USER: "tester" LOGGED IN
[31.03.23|07:02:21] POST: "tester blog" POSTED
[31.03.23|07:02:21] 20 POINTS ADDED TO "tester"
[31.03.23|07:02:52] USER: "ananya" FOUND
[31.03.23|07:02:52] USER: "ananya"s PAGE LOADED
[31.03.23|07:03:11] USER: "tester" FOUND
[31.03.23|07:03:11] USER: "tester"s PAGE LOADED
[31.03.23|07:03:21] USER: "tester" DELETED
[31.03.23|07:22:34] USER: "tester" ADDED TO DATABASE
[31.03.23|07:22:45] 1 POINTS ADDED TO "tester"
[31.03.23|07:22:45] USER: "tester" LOGGED IN
[31.03.23|07:22:58] USER: "tester" FOUND
[31.03.23|07:22:58] USER: "tester"s PAGE LOADED
[31.03.23|07:23:26] POST: "tester1" POSTED
[31.03.23|07:23:26] 20 POINTS ADDED TO "tester"
[31.03.23|07:23:44] POST: "6" FOUND
[31.03.23|07:24:01] POST: "6" FOUND
[31.03.23|07:24:01] 5 POINTS ADDED TO "tester"
[31.03.23|07:24:01] POST: "6" FOUND
[31.03.23|07:24:10] COMMENT: "3" DELETED
[31.03.23|07:24:10] POST: "6" FOUND
[31.03.23|07:24:23] USER: "karthik" FOUND
[31.03.23|07:24:23] USER: "karthik"s PAGE LOADED
[31.03.23|07:24:38] USER: "tester" LOGGED OUT
[31.03.23|07:24:46] 1 POINTS ADDED TO "Ananya"
[31.03.23|07:24:46] USER: "Ananya" LOGGED IN
[31.03.23|07:24:56] POST: "5" FOUND
[31.03.23|07:25:02] POST: "5" FOUND
[31.03.23|07:25:10] POST: "5" FOUND
[31.03.23|07:25:10] POST: "Blog 1" EDITED
[31.03.23|07:25:10] POST: "5" FOUND
[31.03.23|07:25:18] USER: "Ananya" LOGGED OUT
[31.03.23|07:29:39] USER: "tester1" ADDED TO DATABASE
[31.03.23|07:29:50] 1 POINTS ADDED TO "tester1"
[31.03.23|07:29:50] USER: "tester1" LOGGED IN
[31.03.23|07:30:11] POST: "tester1post" POSTED
[31.03.23|07:30:11] 20 POINTS ADDED TO "tester1"
[31.03.23|07:30:17] POST: "9" FOUND
[31.03.23|07:30:24] USER: "tester1" FOUND
[31.03.23|07:30:24] USER: "tester1"s PAGE LOADED
[31.03.23|07:30:54] USER: "tester1" CHANGED USER NAME TO "tester12"
[31.03.23|07:30:54] USER: "tester12" FOUND
[31.03.23|07:30:54] USER: "tester12"s PAGE LOADED
[31.03.23|07:31:12] USER: "tester12" FOUND
[31.03.23|07:31:12] USER: "tester12"s PAGE LOADED
[31.03.23|07:31:16] POST: "9" FOUND
[31.03.23|07:31:19] POST: "9" FOUND
[31.03.23|07:31:28] POST: "9" FOUND
[31.03.23|07:31:28] POST: "tester1post" EDITED
[31.03.23|07:31:28] POST: "9" FOUND
[31.03.23|07:31:40] USER: "tester12" FOUND
[31.03.23|07:31:40] USER: "tester12"s PAGE LOADED
[31.03.23|07:31:46] USER: "tester12" LOGGED OUT
[31.03.23|07:31:53] 1 POINTS ADDED TO "Ananya"
[31.03.23|07:31:53] USER: "Ananya" LOGGED IN
[31.03.23|07:31:59] POST: "9" FOUND
[31.03.23|07:32:14] POST: "9" FOUND
[31.03.23|07:32:14] 5 POINTS ADDED TO "Ananya"
[31.03.23|07:32:14] POST: "9" FOUND
[31.03.23|07:32:21] COMMENT: "3" DELETED
[31.03.23|07:32:21] POST: "9" FOUND
[31.03.23|07:32:26] USER: "Ananya" LOGGED OUT
[31.03.23|11:35:54] Folder: "/db" FOUND
[31.03.23|11:35:54] DATABASE: "users.db" FOUND
[31.03.23|11:35:54] TABLE: "Users" FOUND
[31.03.23|11:35:54] DATABASE: "posts.db" FOUND
[31.03.23|11:35:54] TABLE: "Posts" FOUND
[31.03.23|11:35:54] DATABASE: "comments.db" FOUND
[31.03.23|11:35:54] TABLE: "Comments" FOUND
[31.03.23|15:12:24] Folder: "/db" FOUND
[31.03.23|15:12:24] DATABASE: "users.db" FOUND
[31.03.23|15:12:24] TABLE: "Users" FOUND
[31.03.23|15:12:24] DATABASE: "posts.db" FOUND
[31.03.23|15:12:24] TABLE: "Posts" FOUND
[31.03.23|15:12:24] DATABASE: "comments.db" FOUND
[31.03.23|15:12:24] TABLE: "Comments" FOUND
[31.03.23|15:12:30] Folder: "/db" FOUND
[31.03.23|15:12:30] DATABASE: "users.db" FOUND
[31.03.23|15:12:30] TABLE: "Users" FOUND
[31.03.23|15:12:30] DATABASE: "posts.db" FOUND
[31.03.23|15:12:30] TABLE: "Posts" FOUND
[31.03.23|15:12:30] DATABASE: "comments.db" FOUND
[31.03.23|15:12:30] TABLE: "Comments" FOUND
